terra 1.5.34
── Attaching packages ─────────────────────────────────────── tidyverse 1.3.2 ──
✔ ggplot2 3.4.3     ✔ purrr   0.3.4
✔ tibble  3.1.7     ✔ dplyr   1.0.9
✔ tidyr   1.2.0     ✔ stringr 1.4.0
✔ readr   2.1.4     ✔ forcats 0.5.2
── Conflicts ────────────────────────────────────────── tidyverse_conflicts() ──
✖ tidyr::extract() masks terra::extract()
✖ dplyr::filter()  masks stats::filter()
✖ dplyr::lag()     masks stats::lag()
[1] "Starting trait mapping"
[1] "/discover/nobackup/projects/SBG-DO/bcurrey/global_run_simulations/lpj_prosail_v21/ncdf_outputs/"
[1] "/discover/nobackup/bcurrey/Global_trait_PLSRs/data/"
[1] "lpj-prosail_levelC_DR_Version021_m_2022.nc"
[1] "Reading in LPJ array"
[1] "Extract points from TRY trait maps"
Warning messages:
1: PROJ: proj_as_wkt: SQLite error on SELECT name, ellipsoid_auth_name, ellipsoid_code, prime_meridian_auth_name, prime_meridian_code, area_of_use_auth_name, area_of_use_code, publication_date, deprecated FROM geodetic_datum WHERE auth_name = ? AND code = ?: no such column: area_of_use_auth_name (GDAL error 1) 
2: PROJ: proj_as_wkt: SQLite error on SELECT name, ellipsoid_auth_name, ellipsoid_code, prime_meridian_auth_name, prime_meridian_code, area_of_use_auth_name, area_of_use_code, publication_date, deprecated FROM geodetic_datum WHERE auth_name = ? AND code = ?: no such column: area_of_use_auth_name (GDAL error 1) 
Warning messages:
1: PROJ: proj_as_wkt: SQLite error on SELECT name, ellipsoid_auth_name, ellipsoid_code, prime_meridian_auth_name, prime_meridian_code, area_of_use_auth_name, area_of_use_code, publication_date, deprecated FROM geodetic_datum WHERE auth_name = ? AND code = ?: no such column: area_of_use_auth_name (GDAL error 1) 
2: PROJ: proj_as_wkt: SQLite error on SELECT name, ellipsoid_auth_name, ellipsoid_code, prime_meridian_auth_name, prime_meridian_code, area_of_use_auth_name, area_of_use_code, publication_date, deprecated FROM geodetic_datum WHERE auth_name = ? AND code = ?: no such column: area_of_use_auth_name (GDAL error 1) 
Warning messages:
1: PROJ: proj_as_wkt: SQLite error on SELECT name, ellipsoid_auth_name, ellipsoid_code, prime_meridian_auth_name, prime_meridian_code, area_of_use_auth_name, area_of_use_code, publication_date, deprecated FROM geodetic_datum WHERE auth_name = ? AND code = ?: no such column: area_of_use_auth_name (GDAL error 1) 
2: PROJ: proj_as_wkt: SQLite error on SELECT name, ellipsoid_auth_name, ellipsoid_code, prime_meridian_auth_name, prime_meridian_code, area_of_use_auth_name, area_of_use_code, publication_date, deprecated FROM geodetic_datum WHERE auth_name = ? AND code = ?: no such column: area_of_use_auth_name (GDAL error 1) 
Warning messages:
1: PROJ: proj_as_wkt: SQLite error on SELECT name, ellipsoid_auth_name, ellipsoid_code, prime_meridian_auth_name, prime_meridian_code, area_of_use_auth_name, area_of_use_code, publication_date, deprecated FROM geodetic_datum WHERE auth_name = ? AND code = ?: no such column: area_of_use_auth_name (GDAL error 1) 
2: PROJ: proj_as_wkt: SQLite error on SELECT name, ellipsoid_auth_name, ellipsoid_code, prime_meridian_auth_name, prime_meridian_code, area_of_use_auth_name, area_of_use_code, publication_date, deprecated FROM geodetic_datum WHERE auth_name = ? AND code = ?: no such column: area_of_use_auth_name (GDAL error 1) 
[1] "LMA PLSR"
Loading required package: pls

Attaching package: ‘pls’

The following object is masked from ‘package:stats’:

    loadings

[ 2023-09-28 17:52:16 ] No jackknife test. 
[ 2023-09-28 17:52:16 ] Number of comps =  5
[ 2023-09-28 17:52:16 ] Running PLSR 
[ 2023-09-28 18:04:33 ] Training RMSE:  32040.976
[ 2023-09-28 18:04:33 ] Training R2:  0.568
[ 2023-09-28 18:04:34 ] Testing RMSE:  31834.728
[ 2023-09-28 18:04:34 ] Testing R2:  0.575
[1] "N PLSR"
[ 2023-09-28 18:04:34 ] No jackknife test. 
[ 2023-09-28 18:04:34 ] Number of comps =  5
[ 2023-09-28 18:04:34 ] Running PLSR 
[ 2023-09-28 18:17:36 ] Training RMSE:  0.033
[ 2023-09-28 18:17:36 ] Training R2:  0.285
[ 2023-09-28 18:17:36 ] Testing RMSE:  0.034
[ 2023-09-28 18:17:36 ] Testing R2:  0.261
[1] "P PLSR"
[ 2023-09-28 18:17:37 ] No jackknife test. 
[ 2023-09-28 18:17:37 ] Number of comps =  5
[ 2023-09-28 18:17:37 ] Running PLSR 
[ 2023-09-28 18:29:33 ] Training RMSE:  31059.064
[ 2023-09-28 18:29:33 ] Training R2:  0.592
[ 2023-09-28 18:29:33 ] Testing RMSE:  31767.622
[ 2023-09-28 18:29:33 ] Testing R2:  0.577
[1] "SLA PLSR"
[ 2023-09-28 18:29:33 ] No jackknife test. 
[ 2023-09-28 18:29:33 ] Number of comps =  5
[ 2023-09-28 18:29:33 ] Running PLSR 
[ 2023-09-28 18:41:29 ] Training RMSE:  1.657
[ 2023-09-28 18:41:29 ] Training R2:  0.333
[ 2023-09-28 18:41:29 ] Testing RMSE:  1.682
[ 2023-09-28 18:41:29 ] Testing R2:  0.316
[1] "Writing coefficients"
[1] "Applying coefficients"
[1] "Writing raster stack"
Warning messages:
1: PROJ: proj_as_wkt: SQLite error on SELECT name, ellipsoid_auth_name, ellipsoid_code, prime_meridian_auth_name, prime_meridian_code, area_of_use_auth_name, area_of_use_code, publication_date, deprecated FROM geodetic_datum WHERE auth_name = ? AND code = ?: no such column: area_of_use_auth_name (GDAL error 1) 
2: PROJ: proj_as_wkt: SQLite error on SELECT name, ellipsoid_auth_name, ellipsoid_code, prime_meridian_auth_name, prime_meridian_code, area_of_use_auth_name, area_of_use_code, publication_date, deprecated FROM geodetic_datum WHERE auth_name = ? AND code = ?: no such column: area_of_use_auth_name (GDAL error 1) 
[1] "Finished"
Time difference of 51.35438 mins
_________________________________________________________________________
Job Resource Usage Summary for 23516321

  Job Ended                       : Thu Sep 28 18:42:17 EDT 2023

  Partition                       : compute
  Head Node                       : borgi029
  Charged to                      : s3673

  Estimated SBUs                  : 1.50

  Total Mem Requested / Allocated : 185.54G / 185.54G
  Max Real Mem Used (on any node) : 9.93G
  Max Pct Memory Used             : 5.35%

  Walltime Requested              : 00:59:00
  Walltime Used                   : 00:51:31
  Pct Walltime Used               : 87.31%

  CPUs Requested / Allocated      : 1 / 46
  Total CPU-Time Allocated        : 1-15:29:46 (Walltime Used * #CPUs)

  CPU Utilization of __whole job__:
  User CPU                        : 49:59.186 of 1-15:29:46
  System CPU                      : 01:26.632 of 1-15:29:46
  Pct CPU Utilization             : 2.16%
  (Whole-job utilization data may be inaccurate; prefix your most important command with 'srun' for best insight.)
_________________________________________________________________________

